2022-06-13T23:25:59.671Z [route] warn: GET /api/products
2022-06-13T23:27:43.495Z [route] warn: GET /favicon.ico
2022-06-13T23:27:49.199Z [route] warn: GET /favicon.ico
2022-06-13T23:27:51.971Z [route] warn: GET /favicon.ico
2022-06-13T23:27:53.853Z [route] warn: GET /storage/avatar-1652720410680.png
2022-06-13T23:27:54.000Z [route] warn: GET /favicon.ico
2022-06-13T23:28:00.695Z [route] warn: GET /favicon.ico
2022-06-13T23:28:01.742Z [route] warn: GET /favicon.ico
2022-06-13T23:46:17.902Z [route] warn: GET /favicon.ico
2022-06-13T23:46:21.893Z [route] warn: GET /favicon.ico
2022-06-13T23:46:27.280Z [route] warn: GET /favicon.ico
2022-06-13T23:46:31.662Z [route] warn: GET /favicon.ico
2022-06-14T14:45:27.611Z [route] warn: GET /favicon.ico
2022-06-14T14:45:32.691Z [route] warn: GET /favicon.ico
2022-06-14T15:02:28.188Z [route] warn: GET /favicon.ico
2022-06-14T15:02:31.929Z [route] warn: GET /favicon.ico
2022-06-14T15:13:49.035Z [route] warn: GET /favicon.ico
2022-06-14T15:16:23.460Z [route] warn: PATCH /api/productos/624735f5bb7a1476af61868b
2022-06-14T15:17:55.037Z [route] warn: PATCH /api/productos/624735f5bb7a1476af61868b
2022-06-14T15:21:05.702Z [route] warn: GET /favicon.ico
2022-06-14T15:21:07.122Z [route] warn: GET /favicon.ico
2022-06-14T15:21:07.842Z [route] warn: GET /favicon.ico
2022-06-14T15:24:32.678Z [route] warn: GET /favicon.ico
2022-06-14T15:24:43.290Z [route] warn: GET /favicon.ico
2022-06-14T15:24:44.778Z [route] warn: GET /favicon.ico
2022-06-14T15:24:52.010Z [route] warn: GET /favicon.ico
2022-06-14T15:24:57.782Z [route] warn: GET /favicon.ico
2022-06-14T15:25:29.490Z [route] warn: GET /favicon.ico
2022-06-14T15:40:15.634Z [route] warn: GET /favicon.ico
2022-06-14T15:40:20.209Z [route] warn: GET /favicon.ico
2022-06-14T15:43:15.503Z [route] warn: GET /favicon.ico
2022-06-15T20:00:15.375Z [route] warn: GET /favicon.ico
2022-06-15T20:00:17.531Z [route] warn: GET /favicon.ico
2022-06-15T20:00:18.265Z [route] warn: GET /favicon.ico
2022-06-15T20:00:18.842Z [route] warn: GET /favicon.ico
2022-06-15T20:00:19.398Z [route] warn: GET /favicon.ico
2022-06-15T20:00:20.885Z [route] warn: GET /favicon.ico
2022-06-15T20:00:21.551Z [route] warn: GET /favicon.ico
2022-06-15T20:00:22.181Z [route] warn: GET /favicon.ico
2022-06-15T20:01:30.620Z [product-controller] error: DTO is not a constructor
2022-06-15T20:01:30.821Z [route] warn: GET /favicon.ico
2022-06-15T20:05:48.453Z [product-controller] error: DTO is not a constructor
2022-06-15T20:05:48.672Z [route] warn: GET /favicon.ico
2022-06-15T21:50:55.849Z [product-controller] error: DTO is not a constructor
2022-06-15T21:50:56.065Z [route] warn: GET /favicon.ico
2022-06-15T21:50:57.753Z [product-controller] error: DTO is not a constructor
2022-06-15T21:50:57.838Z [route] warn: GET /favicon.ico
2022-06-15T21:50:58.377Z [product-controller] error: DTO is not a constructor
2022-06-15T21:50:58.476Z [route] warn: GET /favicon.ico
2022-06-15T21:50:58.910Z [product-controller] error: DTO is not a constructor
2022-06-15T21:50:58.991Z [route] warn: GET /favicon.ico
2022-06-15T21:53:28.427Z [product-controller] error: DTO is not a constructor
2022-06-15T21:53:28.628Z [route] warn: GET /favicon.ico
2022-06-15T21:54:02.799Z [route] warn: GET /favicon.ico
2022-06-16T01:42:04.360Z [route] warn: GET /favicon.ico
2022-06-16T01:43:08.182Z [route] warn: GET /favicon.ico
2022-06-16T01:43:10.232Z [route] warn: GET /favicon.ico
2022-06-16T01:43:10.989Z [route] warn: GET /favicon.ico
2022-06-16T01:43:12.322Z [route] warn: GET /favicon.ico
2022-06-16T01:43:12.513Z [route] warn: GET /favicon.ico
2022-06-16T01:43:14.561Z [route] warn: GET /favicon.ico
2022-06-16T01:43:14.689Z [route] warn: GET /favicon.ico
2022-06-16T01:43:14.873Z [route] warn: GET /favicon.ico
2022-06-16T01:43:15.370Z [route] warn: GET /favicon.ico
2022-06-16T01:43:17.690Z [route] warn: GET /favicon.ico
2022-06-16T01:43:18.049Z [route] warn: GET /favicon.ico
2022-06-16T01:43:18.250Z [route] warn: GET /favicon.ico
2022-06-16T01:43:18.994Z [route] warn: GET /favicon.ico
2022-06-16T01:43:19.101Z [route] warn: GET /favicon.ico
2022-06-16T01:43:19.692Z [route] warn: GET /favicon.ico
2022-06-16T01:43:20.108Z [route] warn: GET /favicon.ico
2022-06-16T01:43:20.693Z [route] warn: GET /favicon.ico
2022-06-16T01:43:20.809Z [route] warn: GET /favicon.ico
2022-06-16T01:43:32.733Z [route] warn: GET /favicon.ico
2022-06-16T01:43:32.858Z [route] warn: GET /favicon.ico
2022-06-16T01:43:32.968Z [route] warn: GET /favicon.ico
2022-06-16T01:43:33.274Z [route] warn: GET /favicon.ico
2022-06-16T01:43:33.630Z [route] warn: GET /favicon.ico
2022-06-16T01:43:34.307Z [route] warn: GET /favicon.ico
2022-06-16T01:43:34.549Z [route] warn: GET /favicon.ico
2022-06-16T01:43:34.722Z [route] warn: GET /favicon.ico
2022-06-16T01:43:34.909Z [route] warn: GET /favicon.ico
2022-06-16T01:43:35.095Z [route] warn: GET /favicon.ico
2022-06-16T01:54:37.298Z [route] warn: GET /favicon.ico
2022-06-16T01:54:40.674Z [route] warn: GET /favicon.ico
2022-06-16T01:54:43.218Z [route] warn: GET /storage/avatar-1652720410680.png
2022-06-16T01:54:43.330Z [route] warn: GET /favicon.ico
2022-06-16T01:54:45.920Z [route] warn: GET /favicon.ico
2022-06-16T01:54:47.884Z [route] warn: GET /favicon.ico
2022-06-16T01:54:49.450Z [route] warn: GET /favicon.ico
2022-06-16T01:55:03.051Z [route] warn: GET /favicon.ico
2022-06-16T01:55:17.987Z [route] warn: GET /favicon.ico
2022-06-16T01:55:19.891Z [route] warn: GET /favicon.ico
2022-06-16T01:55:21.824Z [route] warn: GET /favicon.ico
2022-06-16T01:55:25.951Z [route] warn: GET /favicon.ico
2022-06-16T01:55:27.793Z [route] warn: GET /favicon.ico
2022-06-16T01:55:46.345Z [route] warn: GET /favicon.ico
2022-06-16T15:42:36.300Z [product-controller] error: DTO is not defined
2022-06-16T15:42:36.528Z [route] warn: GET /favicon.ico
2022-06-16T15:43:28.674Z [route] warn: GET /favicon.ico
2022-06-16T15:47:32.133Z [route] warn: GET /favicon.ico
